<?xml version="1.0" encoding="UTF-8"?>
<testsuite name="com.sparta.spring_homework.SpringHomeworkApplicationTests" tests="1" skipped="0" failures="0" errors="0" timestamp="2022-05-26T11:39:58" hostname="LAPTOP-5UP8839S" time="0.154">
  <properties/>
  <testcase name="contextLoads()" classname="com.sparta.spring_homework.SpringHomeworkApplicationTests" time="0.154"/>
  <system-out><![CDATA[20:39:49.139 [Test worker] DEBUG org.springframework.test.context.BootstrapUtils - Instantiating CacheAwareContextLoaderDelegate from class [org.springframework.test.context.cache.DefaultCacheAwareContextLoaderDelegate]
20:39:49.159 [Test worker] DEBUG org.springframework.test.context.BootstrapUtils - Instantiating BootstrapContext using constructor [public org.springframework.test.context.support.DefaultBootstrapContext(java.lang.Class,org.springframework.test.context.CacheAwareContextLoaderDelegate)]
20:39:49.210 [Test worker] DEBUG org.springframework.test.context.BootstrapUtils - Instantiating TestContextBootstrapper for test class [com.sparta.spring_homework.SpringHomeworkApplicationTests] from class [org.springframework.boot.test.context.SpringBootTestContextBootstrapper]
20:39:49.231 [Test worker] INFO org.springframework.boot.test.context.SpringBootTestContextBootstrapper - Neither @ContextConfiguration nor @ContextHierarchy found for test class [com.sparta.spring_homework.SpringHomeworkApplicationTests], using SpringBootContextLoader
20:39:49.239 [Test worker] DEBUG org.springframework.test.context.support.AbstractContextLoader - Did not detect default resource location for test class [com.sparta.spring_homework.SpringHomeworkApplicationTests]: class path resource [com/sparta/spring_homework/SpringHomeworkApplicationTests-context.xml] does not exist
20:39:49.240 [Test worker] DEBUG org.springframework.test.context.support.AbstractContextLoader - Did not detect default resource location for test class [com.sparta.spring_homework.SpringHomeworkApplicationTests]: class path resource [com/sparta/spring_homework/SpringHomeworkApplicationTestsContext.groovy] does not exist
20:39:49.240 [Test worker] INFO org.springframework.test.context.support.AbstractContextLoader - Could not detect default resource locations for test class [com.sparta.spring_homework.SpringHomeworkApplicationTests]: no resource found for suffixes {-context.xml, Context.groovy}.
20:39:49.241 [Test worker] INFO org.springframework.test.context.support.AnnotationConfigContextLoaderUtils - Could not detect default configuration classes for test class [com.sparta.spring_homework.SpringHomeworkApplicationTests]: SpringHomeworkApplicationTests does not declare any static, non-private, non-final, nested classes annotated with @Configuration.
20:39:49.321 [Test worker] DEBUG org.springframework.test.context.support.ActiveProfilesUtils - Could not find an 'annotation declaring class' for annotation type [org.springframework.test.context.ActiveProfiles] and class [com.sparta.spring_homework.SpringHomeworkApplicationTests]
20:39:49.422 [Test worker] DEBUG org.springframework.context.annotation.ClassPathScanningCandidateComponentProvider - Identified candidate component class: file [C:\Users\souli\IdeaProjects\spring_homework\build\classes\java\main\com\sparta\spring_homework\SpringHomeworkApplication.class]
20:39:49.425 [Test worker] INFO org.springframework.boot.test.context.SpringBootTestContextBootstrapper - Found @SpringBootConfiguration com.sparta.spring_homework.SpringHomeworkApplication for test class com.sparta.spring_homework.SpringHomeworkApplicationTests
20:39:49.596 [Test worker] DEBUG org.springframework.boot.test.context.SpringBootTestContextBootstrapper - @TestExecutionListeners is not present for class [com.sparta.spring_homework.SpringHomeworkApplicationTests]: using defaults.
20:39:49.597 [Test worker] INFO org.springframework.boot.test.context.SpringBootTestContextBootstrapper - Loaded default TestExecutionListener class names from location [META-INF/spring.factories]: [org.springframework.boot.test.autoconfigure.restdocs.RestDocsTestExecutionListener, org.springframework.boot.test.autoconfigure.web.client.MockRestServiceServerResetTestExecutionListener, org.springframework.boot.test.autoconfigure.web.servlet.MockMvcPrintOnlyOnFailureTestExecutionListener, org.springframework.boot.test.autoconfigure.web.servlet.WebDriverTestExecutionListener, org.springframework.boot.test.autoconfigure.webservices.client.MockWebServiceServerTestExecutionListener, org.springframework.boot.test.mock.mockito.MockitoTestExecutionListener, org.springframework.boot.test.mock.mockito.ResetMocksTestExecutionListener, org.springframework.test.context.web.ServletTestExecutionListener, org.springframework.test.context.support.DirtiesContextBeforeModesTestExecutionListener, org.springframework.test.context.event.ApplicationEventsTestExecutionListener, org.springframework.test.context.support.DependencyInjectionTestExecutionListener, org.springframework.test.context.support.DirtiesContextTestExecutionListener, org.springframework.test.context.transaction.TransactionalTestExecutionListener, org.springframework.test.context.jdbc.SqlScriptsTestExecutionListener, org.springframework.test.context.event.EventPublishingTestExecutionListener]
20:39:49.632 [Test worker] INFO org.springframework.boot.test.context.SpringBootTestContextBootstrapper - Using TestExecutionListeners: [org.springframework.test.context.web.ServletTestExecutionListener@6ce86ce1, org.springframework.test.context.support.DirtiesContextBeforeModesTestExecutionListener@54e7df6a, org.springframework.test.context.event.ApplicationEventsTestExecutionListener@3fed2870, org.springframework.boot.test.mock.mockito.MockitoTestExecutionListener@77128536, org.springframework.boot.test.autoconfigure.SpringBootDependencyInjectionTestExecutionListener@58326051, org.springframework.test.context.support.DirtiesContextTestExecutionListener@32c4e8b2, org.springframework.test.context.transaction.TransactionalTestExecutionListener@64bce832, org.springframework.test.context.jdbc.SqlScriptsTestExecutionListener@764faa6, org.springframework.test.context.event.EventPublishingTestExecutionListener@4c1f22f3, org.springframework.boot.test.autoconfigure.restdocs.RestDocsTestExecutionListener@598bd2ba, org.springframework.boot.test.autoconfigure.web.client.MockRestServiceServerResetTestExecutionListener@5a755cc1, org.springframework.boot.test.autoconfigure.web.servlet.MockMvcPrintOnlyOnFailureTestExecutionListener@7ae42ce3, org.springframework.boot.test.autoconfigure.web.servlet.WebDriverTestExecutionListener@4f5991f6, org.springframework.boot.test.autoconfigure.webservices.client.MockWebServiceServerTestExecutionListener@484094a5, org.springframework.boot.test.mock.mockito.ResetMocksTestExecutionListener@38234a38]
20:39:49.639 [Test worker] DEBUG org.springframework.test.context.support.AbstractDirtiesContextTestExecutionListener - Before test class: context [DefaultTestContext@2ef14fe testClass = SpringHomeworkApplicationTests, testInstance = [null], testMethod = [null], testException = [null], mergedContextConfiguration = [WebMergedContextConfiguration@77102b91 testClass = SpringHomeworkApplicationTests, locations = '{}', classes = '{class com.sparta.spring_homework.SpringHomeworkApplication}', contextInitializerClasses = '[]', activeProfiles = '{}', propertySourceLocations = '{}', propertySourceProperties = '{org.springframework.boot.test.context.SpringBootTestContextBootstrapper=true}', contextCustomizers = set[org.springframework.boot.test.autoconfigure.actuate.metrics.MetricsExportContextCustomizerFactory$DisableMetricExportContextCustomizer@75437611, org.springframework.boot.test.autoconfigure.properties.PropertyMappingContextCustomizer@0, org.springframework.boot.test.autoconfigure.web.servlet.WebDriverContextCustomizerFactory$Customizer@2cb4893b, org.springframework.boot.test.context.filter.ExcludeFilterContextCustomizer@413d1baf, org.springframework.boot.test.json.DuplicateJsonObjectContextCustomizerFactory$DuplicateJsonObjectContextCustomizer@5524cca1, org.springframework.boot.test.mock.mockito.MockitoContextCustomizer@0, org.springframework.boot.test.web.client.TestRestTemplateContextCustomizer@3e08ff24, org.springframework.boot.test.context.SpringBootTestArgs@1, org.springframework.boot.test.context.SpringBootTestWebEnvironment@6ce139a4], resourceBasePath = 'src/main/webapp', contextLoader = 'org.springframework.boot.test.context.SpringBootContextLoader', parent = [null]], attributes = map['org.springframework.test.context.web.ServletTestExecutionListener.activateListener' -> true]], class annotated with @DirtiesContext [false] with mode [null].

  .   ____          _            __ _ _
 /\\ / ___'_ __ _ _(_)_ __  __ _ \ \ \ \
( ( )\___ | '_ | '_| | '_ \/ _` | \ \ \ \
 \\/  ___)| |_)| | | | | || (_| |  ) ) ) )
  '  |____| .__|_| |_|_| |_\__, | / / / /
 =========|_|==============|___/=/_/_/_/
 :: Spring Boot ::                (v2.7.0)

2022-05-26 20:39:50.185  INFO 24612 --- [    Test worker] c.s.s.SpringHomeworkApplicationTests     : Starting SpringHomeworkApplicationTests using Java 1.8.0_221 on LAPTOP-5UP8839S with PID 24612 (started by souli in C:\Users\souli\IdeaProjects\spring_homework)
2022-05-26 20:39:50.187  INFO 24612 --- [    Test worker] c.s.s.SpringHomeworkApplicationTests     : No active profile set, falling back to 1 default profile: "default"
2022-05-26 20:39:51.212  INFO 24612 --- [    Test worker] .s.d.r.c.RepositoryConfigurationDelegate : Bootstrapping Spring Data JPA repositories in DEFAULT mode.
2022-05-26 20:39:51.322  INFO 24612 --- [    Test worker] .s.d.r.c.RepositoryConfigurationDelegate : Finished Spring Data repository scanning in 92 ms. Found 1 JPA repository interfaces.
2022-05-26 20:39:52.329  INFO 24612 --- [    Test worker] o.hibernate.jpa.internal.util.LogHelper  : HHH000204: Processing PersistenceUnitInfo [name: default]
2022-05-26 20:39:52.469  INFO 24612 --- [    Test worker] org.hibernate.Version                    : HHH000412: Hibernate ORM core version 5.6.9.Final
2022-05-26 20:39:52.803  INFO 24612 --- [    Test worker] o.hibernate.annotations.common.Version   : HCANN000001: Hibernate Commons Annotations {5.1.2.Final}
2022-05-26 20:39:53.017  INFO 24612 --- [    Test worker] com.zaxxer.hikari.HikariDataSource       : HikariPool-1 - Starting...
2022-05-26 20:39:54.485  INFO 24612 --- [    Test worker] com.zaxxer.hikari.HikariDataSource       : HikariPool-1 - Start completed.
2022-05-26 20:39:54.551  INFO 24612 --- [    Test worker] org.hibernate.dialect.Dialect            : HHH000400: Using dialect: org.hibernate.dialect.MySQL8Dialect
2022-05-26 20:39:55.839  INFO 24612 --- [    Test worker] o.h.e.t.j.p.i.JtaPlatformInitiator       : HHH000490: Using JtaPlatform implementation: [org.hibernate.engine.transaction.jta.platform.internal.NoJtaPlatform]
2022-05-26 20:39:55.855  INFO 24612 --- [    Test worker] j.LocalContainerEntityManagerFactoryBean : Initialized JPA EntityManagerFactory for persistence unit 'default'
2022-05-26 20:39:57.112  WARN 24612 --- [    Test worker] JpaBaseConfiguration$JpaWebConfiguration : spring.jpa.open-in-view is enabled by default. Therefore, database queries may be performed during view rendering. Explicitly configure spring.jpa.open-in-view to disable this warning
2022-05-26 20:39:57.687  INFO 24612 --- [    Test worker] o.s.b.a.w.s.WelcomePageHandlerMapping    : Adding welcome page: class path resource [static/index.html]
2022-05-26 20:39:58.448  INFO 24612 --- [    Test worker] c.s.s.SpringHomeworkApplicationTests     : Started SpringHomeworkApplicationTests in 8.744 seconds (JVM running for 11.391)
]]></system-out>
  <system-err><![CDATA[]]></system-err>
</testsuite>
